<?xml version="1.0" encoding="UTF-8"?>
<testng-results skipped="0" failed="0" ignored="0" total="1" passed="1">
  <reporter-output>
  </reporter-output>
  <suite name="Test-Suite" duration-ms="23446" started-at="2020-12-10T13:39:10Z" finished-at="2020-12-10T13:39:33Z">
    <groups>
    </groups>
    <test name="MyTests" duration-ms="23446" started-at="2020-12-10T13:39:10Z" finished-at="2020-12-10T13:39:33Z">
      <class name="Demootest.Testone">
        <test-method status="PASS" signature="test2()[pri:0, instance:Demootest.Testone@b59d31]" name="test2" is-config="true" duration-ms="4068" started-at="2020-12-10T13:39:10Z" finished-at="2020-12-10T13:39:14Z">
          <reporter-output>
          </reporter-output>
        </test-method> <!-- test2 -->
        <test-method status="PASS" signature="test()[pri:0, instance:Demootest.Testone@b59d31]" name="test" duration-ms="19247" started-at="2020-12-10T13:39:14Z" finished-at="2020-12-10T13:39:33Z">
          <reporter-output>
          </reporter-output>
        </test-method> <!-- test -->
        <test-method status="PASS" signature="test3()[pri:0, instance:Demootest.Testone@b59d31]" name="test3" is-config="true" duration-ms="115" started-at="2020-12-10T13:39:33Z" finished-at="2020-12-10T13:39:33Z">
          <reporter-output>
          </reporter-output>
        </test-method> <!-- test3 -->
      </class> <!-- Demootest.Testone -->
    </test> <!-- MyTests -->
  </suite> <!-- Test-Suite -->
</testng-results>
