<?xml version="1.0" encoding="UTF-8"?>
<testng-results skipped="0" failed="0" ignored="0" total="1" passed="1">
  <reporter-output>
  </reporter-output>
  <suite name="Test-Suite" duration-ms="22334" started-at="2020-12-09T19:48:01Z" finished-at="2020-12-09T19:48:23Z">
    <groups>
    </groups>
    <test name="MyTests" duration-ms="22334" started-at="2020-12-09T19:48:01Z" finished-at="2020-12-09T19:48:23Z">
      <class name="Demootest.Testone">
        <test-method status="PASS" signature="test2()[pri:0, instance:Demootest.Testone@29f69090]" name="test2" is-config="true" duration-ms="4290" started-at="2020-12-09T19:48:01Z" finished-at="2020-12-09T19:48:05Z">
          <reporter-output>
          </reporter-output>
        </test-method> <!-- test2 -->
        <test-method status="PASS" signature="test()[pri:0, instance:Demootest.Testone@29f69090]" name="test" duration-ms="17857" started-at="2020-12-09T19:48:05Z" finished-at="2020-12-09T19:48:23Z">
          <reporter-output>
          </reporter-output>
        </test-method> <!-- test -->
        <test-method status="PASS" signature="test3()[pri:0, instance:Demootest.Testone@29f69090]" name="test3" is-config="true" duration-ms="163" started-at="2020-12-09T19:48:23Z" finished-at="2020-12-09T19:48:23Z">
          <reporter-output>
          </reporter-output>
        </test-method> <!-- test3 -->
      </class> <!-- Demootest.Testone -->
    </test> <!-- MyTests -->
  </suite> <!-- Test-Suite -->
</testng-results>
